
Error in line 3: Unrecognized command verb.

Error in line 4: Unrecognized command verb.
dish_id
Error in line 5: Unrecognized command verb.
dish_id
Error in line 6: Unrecognized command verb.
dish_id
Error in line 7: Unrecognized command verb.
ingr_id
Error in line 8: Unrecognized command verb.
ingr_id
Error in line 9: Unrecognized command verb.
ingr_id
Error in line 10: Unrecognized command verb.
drink_id
Error in line 11: Unrecognized command verb.
drink_id
Error in line 12: Unrecognized command verb.
drink_id
Error in line 13: Unrecognized command verb.
ingr_id
Error in line 14: Unrecognized command verb.
ingr_id
Error in line 15: Unrecognized command verb.
ingr_id
Error in line 16: Unrecognized command verb.
first_dish
Error in line 17: Unrecognized command verb.
first_dish
Error in line 18: Unrecognized command verb.
first_dish
Error in line 19: Unrecognized command verb.
sec_dish
Error in line 20: Unrecognized command verb.
sec_dish
Error in line 21: Unrecognized command verb.
sec_dish
Error in line 22: Unrecognized command verb.
drink_id
Error in line 23: Unrecognized command verb.
drink_id
Error in line 24: Unrecognized command verb.
drink_id
Error in line 25: Unrecognized command verb.
